=============== Log rollover at Tue Dec 13 13:14:00 2022 ===============
Starting Klippy...
Args: ['/home/user/klipper/klippy/klippy.py', '/home/user/klipper_config/printer_1/printer.cfg', '-I', '/tmp/printer-1', '-l', '/home/user/klipper_logs/klippy-1.log', '-a', '/tmp/klippy_uds-1']
Git version: 'v0.10.0-557-gf7e29b27'
CPU: 4 core Intel(R) Core(TM) i3 CPU       M 330  @ 2.13GHz
Python: '2.7.18 (default, Jul  1 2022, 10:30:50) \n[GCC 11.2.0]'
Start printer at Tue Dec 13 13:14:06 2022 (1670966046.4 50.4)
===== Config file =====
[virtual_sdcard]
path = ~/gcode_files
on_error_gcode = 
	CANCEL_PRINT

[pause_resume]

[display_status]

[gcode_macro CANCEL_PRINT]
description = Cancel the actual running print
rename_existing = CANCEL_PRINT_BASE
variable_park = True
gcode = 
	{% if printer.pause_resume.is_paused|lower == 'false' and park|lower == 'true'%}
	_TOOLHEAD_PARK_PAUSE_CANCEL
	{% endif %}
	TURN_OFF_HEATERS
	M106 S0
	CANCEL_PRINT_BASE

[gcode_macro PAUSE]
description = Pause the actual running print
rename_existing = PAUSE_BASE
gcode = 
	PAUSE_BASE
	_TOOLHEAD_PARK_PAUSE_CANCEL

[gcode_macro RESUME]
description = Resume the actual running print
rename_existing = RESUME_BASE
gcode = 
	{% set extrude = printer['gcode_macro _TOOLHEAD_PARK_PAUSE_CANCEL'].extrude %}
	{% if 'VELOCITY' in params|upper %}
	{% set get_params = ('VELOCITY=' + params.VELOCITY)  %}
	{%else %}
	{% set get_params = "" %}
	{% endif %}
	{% if printer.extruder.can_extrude|lower == 'true' %}
	M83
	G1 E{extrude} F2100
	{% if printer.gcode_move.absolute_extrude |lower == 'true' %} M82 {% endif %}
	{% else %}
	{action_respond_info("Extruder not hot enough")}
	{% endif %}
	RESUME_BASE {get_params}

[gcode_macro _TOOLHEAD_PARK_PAUSE_CANCEL]
description = Helper: park toolhead used in PAUSE and CANCEL_PRINT
variable_extrude = 1.0
gcode = 
	{% set x_park = printer.toolhead.axis_maximum.x|float - 5.0 %}
	{% set y_park = printer.toolhead.axis_maximum.y|float - 5.0 %}
	{% set z_park_delta = 2.0 %}
	{% set max_z = printer.toolhead.axis_maximum.z|float %}
	{% set act_z = printer.toolhead.position.z|float %}
	{% if act_z < (max_z - z_park_delta) %}
	{% set z_safe = z_park_delta %}
	{% else %}
	{% set z_safe = max_z - act_z %}
	{% endif %}
	{% if printer.extruder.can_extrude|lower == 'true' %}
	M83
	G1 E-{extrude} F2100
	{% if printer.gcode_move.absolute_extrude |lower == 'true' %} M82 {% endif %}
	{% else %}
	{action_respond_info("Extruder not hot enough")}
	{% endif %}
	{% if "xyz" in printer.toolhead.homed_axes %}
	G91
	G1 Z{z_safe} F900
	G90
	G1 X{x_park} Y{y_park} F6000
	{% if printer.gcode_move.absolute_coordinates|lower == 'false' %} G91 {% endif %}
	{% else %}
	{action_respond_info("Printer not homed")}
	{% endif %}

[tmc2209 stepper_y]
uart_pin = PC4
sense_resistor = 0.150
run_current = 1.41

[tmc2209 stepper_x]
uart_pin = PD11
sense_resistor = 0.150
run_current = 1.41

[tmc2209 extruder]
uart_pin = PC6
interpolate = true
sense_resistor = 0.150
run_current = 0.57

[tmc2209 stepper_z]
uart_pin = PE4
sense_resistor = 0.150
run_current = 1.13

[tmc2209 stepper_z1]
uart_pin = PE1
sense_resistor = 0.150
run_current = 1.13

[tmc2209 stepper_z2]
uart_pin = PD3
sense_resistor = 0.150
run_current = 1.13

[safe_z_home]
home_xy_position = 175, 175
speed = 100
z_hop = 15
z_hop_speed = 8

[bltouch]
sensor_pin = ^PB7
control_pin = PB6
x_offset = -33.5
y_offset = -5
pin_up_touch_mode_reports_triggered = true
stow_on_each_sample = false
probe_with_touch_mode = false
pin_move_time = 0.68
speed = 5
lift_speed = 100
samples = 2
sample_retract_dist = 1
samples_tolerance = 0.1
samples_tolerance_retries = 3
samples_result = median
z_offset = 4.075

[bed_mesh]
speed = 100
horizontal_move_z = 7
mesh_min = 25,15
mesh_max = 336,350
algorithm = bicubic
probe_count = 9, 9
fade_start = 1
fade_end = 10

[z_tilt]
z_positions = 10,10
	367,10
	188.5,360
points = 360,345
	58.5,345
	58.5,15
	360,15
speed = 100
horizontal_move_z = 30
retries = 5
retry_tolerance = 0.150

[thermistor T-D500]
temperature1 = 200
resistance1 = 8900
temperature2 = 275
resistance2 = 2250
temperature3 = 350
resistance3 = 785

[heater_bed]
heater_pin = PA3
sensor_type = EPCOS 100K B57560G104F
sensor_pin = PF3
control = pid
pid_kp = 690.34
pid_ki = 111.47
pid_kd = 1068.83
min_temp = 0
max_temp = 130
pwm_cycle_time = 0.0166

[fan]
pin = PA8

[stepper_z]
step_pin = PC13
dir_pin = !PF0
enable_pin = !PF1
microsteps = 16
rotation_distance = 2
endstop_pin = probe:z_virtual_endstop
position_max = 400
position_min = -20
homing_speed = 10.0

[stepper_z1]
step_pin = PE2
dir_pin = !PE3
enable_pin = !PD4
microsteps = 16
rotation_distance = 2

[stepper_z2]
step_pin = PE6
dir_pin = !PA14
enable_pin = !PE0
microsteps = 16
rotation_distance = 2

[stepper_y]
step_pin = !PF13
dir_pin = !PF12
enable_pin = !PF14
microsteps = 16
rotation_distance = 40
endstop_pin = PG9
position_endstop = 360
position_max = 360
homing_speed = 100

[stepper_x]
step_pin = !PG0
dir_pin = !PG1
enable_pin = !PF15
microsteps = 16
rotation_distance = 40
endstop_pin = PG6
position_endstop = 370
position_max = 370
homing_speed = 100

[extruder]
rotation_distance = 21.44
gear_ratio = 50:8
microsteps = 16
full_steps_per_rotation = 200
max_extrude_only_distance = 120
max_extrude_only_velocity = 75.0
max_extrude_only_accel = 1500
step_pin = PF11
dir_pin = !PG3
enable_pin = !PG5
nozzle_diameter = 0.400
filament_diameter = 1.750
heater_pin = PA2
sensor_type = T-D500
sensor_pin = PF4
min_temp = 0
max_temp = 300
control = pid
pid_kp = 17.405
pid_ki = 1.149
pid_kd = 65.923

[mcu]
serial = /dev/serial/by-id/usb-Klipper_stm32f429xx_35002E000F50304738313820-if00

[filament_switch_sensor filament_sensor]
switch_pin = PC5

[printer]
kinematics = corexy
max_velocity = 500
max_accel = 5000
max_z_velocity = 15
max_z_accel = 100

[idle_timeout]
timeout = 1800

[bed_mesh default]
version = 1
points = 
	0.005431, -0.015194, -0.040507, -0.042694, -0.044882, -0.055819, -0.057382, -0.008319, 0.053556
	-0.056132, -0.067069, -0.084257, -0.077069, -0.084882, -0.078007, -0.062694, -0.026757, 0.045431
	-0.122382, -0.110194, -0.128632, -0.066757, -0.095819, -0.081444, -0.070194, -0.029569, 0.048868
	-0.135194, -0.131132, -0.132694, -0.084257, -0.081757, -0.081444, -0.069257, -0.021132, 0.061056
	-0.162382, -0.146444, -0.129882, -0.084882, -0.040507, -0.057382, -0.035819, 0.015431, 0.092618
	-0.176132, -0.167382, -0.161444, -0.081132, -0.071132, -0.056444, -0.055507, -0.003632, 0.094181
	-0.158944, -0.159257, -0.139569, -0.088319, -0.047382, -0.020194, 0.013243, 0.082618, 0.197306
	-0.137694, -0.117694, -0.100819, -0.037069, 0.000431, 0.026993, 0.073868, 0.155431, 0.254806
	-0.095194, -0.069257, -0.046757, 0.023868, 0.083556, 0.095743, 0.142931, 0.239806, 0.361368
tension = 0.2
min_x = 25.0
algo = bicubic
y_count = 9
mesh_y_pps = 2
min_y = 15.0
x_count = 9
max_y = 349.96
mesh_x_pps = 2
max_x = 335.96

[bed_mesh nm 3pt sh]
version = 1
points = 
	-0.018979, -0.035854, -0.068979, -0.078667, -0.088667, -0.096479, -0.102417, -0.051167, 0.019458
	-0.068354, -0.086167, -0.108042, -0.098042, -0.120229, -0.118354, -0.111479, -0.072729, 0.013208
	-0.115854, -0.125542, -0.143667, -0.092104, -0.128667, -0.123979, -0.118667, -0.079604, 0.002271
	-0.128979, -0.140542, -0.137417, -0.089292, -0.107729, -0.116479, -0.110229, -0.068042, 0.008833
	-0.140542, -0.137104, -0.137104, -0.115542, -0.079604, -0.093042, -0.098667, -0.042104, 0.034771
	-0.159604, -0.165229, -0.178667, -0.094917, -0.081167, -0.088354, -0.093667, -0.046167, 0.047583
	-0.143354, -0.138979, -0.128667, -0.102104, -0.080542, -0.046479, -0.037104, 0.025708, 0.137896
	-0.125229, -0.113042, -0.104292, -0.067104, -0.045542, -0.023354, 0.011333, 0.081958, 0.176958
	-0.079917, -0.066167, -0.056792, -0.011792, 0.035708, 0.054771, 0.076958, 0.146333, 0.295396
tension = 0.2
min_x = 25.0
algo = bicubic
y_count = 9
mesh_y_pps = 2
min_y = 15.0
x_count = 9
max_y = 349.96
mesh_x_pps = 2
max_x = 335.96

[bed_mesh nm 3pt sh2]
version = 1
points = 
	-0.041792, -0.053667, -0.086792, -0.080542, -0.097729, -0.098042, -0.098354, -0.048354, 0.029146
	-0.089604, -0.104917, -0.127729, -0.109292, -0.123042, -0.111479, -0.108042, -0.058667, 0.030083
	-0.146792, -0.147729, -0.168042, -0.106167, -0.131479, -0.119292, -0.108354, -0.059292, 0.025708
	-0.166167, -0.170229, -0.174292, -0.115854, -0.121167, -0.113042, -0.098979, -0.046479, 0.034771
	-0.199604, -0.176792, -0.168354, -0.113979, -0.077729, -0.089917, -0.070229, -0.008667, 0.077896
	-0.219292, -0.203979, -0.213354, -0.114604, -0.088979, -0.082417, -0.083354, -0.021792, 0.080708
	-0.214292, -0.201792, -0.168354, -0.108979, -0.067729, -0.041792, -0.021792, 0.047583, 0.175396
	-0.194604, -0.161167, -0.129917, -0.059292, -0.027729, -0.002417, 0.033208, 0.126646, 0.246646
	-0.143667, -0.111167, -0.085542, -0.042104, 0.031333, 0.070708, 0.114146, 0.216333, 0.356021
tension = 0.2
min_x = 25.0
algo = bicubic
y_count = 9
mesh_y_pps = 2
min_y = 15.0
x_count = 9
max_y = 349.96
mesh_x_pps = 2
max_x = 335.96

[bed_mesh nm 3pt sh3]
version = 1
points = 
	-0.009917, -0.021479, -0.055854, -0.056167, -0.063667, -0.072104, -0.077729, -0.033354, 0.040396
	-0.062104, -0.076479, -0.098042, -0.090229, -0.102104, -0.095542, -0.087104, -0.043354, 0.036333
	-0.123979, -0.118042, -0.132417, -0.089604, -0.108042, -0.092417, -0.087104, -0.039917, 0.041958
	-0.136167, -0.132729, -0.130854, -0.090542, -0.078979, -0.089604, -0.070854, -0.020542, 0.053208
	-0.154604, -0.142417, -0.123354, -0.094917, -0.055854, -0.060854, -0.043354, 0.016021, 0.096333
	-0.178979, -0.183354, -0.166479, -0.093354, -0.073354, -0.038042, -0.052729, -0.013667, 0.101646
	-0.203042, -0.173667, -0.146479, -0.070542, -0.039292, -0.022729, -0.021479, 0.004146, 0.197271
	-0.176479, -0.123042, -0.093979, -0.071167, 0.000396, 0.010083, 0.058208, 0.143521, 0.235396
	-0.174292, -0.213042, -0.155854, -0.173667, -0.061167, -0.052104, -0.035854, 0.109771, 0.184771
tension = 0.2
min_x = 25.0
algo = bicubic
y_count = 9
mesh_y_pps = 2
min_y = 15.0
x_count = 9
max_y = 349.96
mesh_x_pps = 2
max_x = 335.96

[bed_mesh nm 3pt sh4]
version = 1
points = 
	-0.012382, -0.032069, -0.065507, -0.070507, -0.075194, -0.086757, -0.096757, -0.044882, 0.016368
	-0.069569, -0.084257, -0.104569, -0.094257, -0.111444, -0.097069, -0.091444, -0.055507, 0.016056
	-0.129882, -0.121757, -0.140507, -0.094257, -0.113319, -0.105819, -0.105507, -0.059882, 0.021056
	-0.133319, -0.133007, -0.142382, -0.107069, -0.103007, -0.095819, -0.086757, -0.044257, 0.036056
	-0.152382, -0.155507, -0.136757, -0.086132, -0.061757, -0.071444, -0.060194, -0.008632, 0.080431
	-0.185194, -0.184882, -0.170819, -0.092069, -0.068944, -0.048944, -0.044257, -0.003632, 0.097618
	-0.189882, -0.158007, -0.138007, -0.081444, -0.030819, -0.027694, -0.000819, 0.064806, 0.168868
	-0.140819, -0.112694, -0.090507, -0.043944, -0.010507, 0.020743, 0.051056, 0.123556, 0.223556
	-0.090507, -0.105819, -0.062382, -0.000507, 0.034493, 0.073868, 0.144806, 0.206993, 0.332931
tension = 0.2
min_x = 25.0
algo = bicubic
y_count = 9
mesh_y_pps = 2
min_y = 15.0
x_count = 9
max_y = 349.96
mesh_x_pps = 2
max_x = 335.96

[bed_mesh nm 3pt shm5 rt]
version = 1
points = 
	0.005743, -0.014257, -0.038944, -0.039882, -0.042069, -0.052382, -0.058632, -0.006132, 0.056681
	-0.047694, -0.059882, -0.078319, -0.068319, -0.079257, -0.071132, -0.057694, -0.015819, 0.060743
	-0.107382, -0.098632, -0.116132, -0.057694, -0.076757, -0.073007, -0.059569, -0.012069, 0.065118
	-0.118632, -0.102382, -0.110507, -0.059257, -0.052069, -0.057382, -0.036444, 0.002306, 0.072618
	-0.134882, -0.111444, -0.106757, -0.058319, -0.018944, -0.026444, -0.006444, 0.031681, 0.119181
	-0.163319, -0.138944, -0.135194, -0.063632, -0.039882, -0.025194, -0.027382, 0.031993, 0.134806
	-0.142694, -0.131132, -0.092382, -0.033319, 0.003243, 0.011056, 0.040431, 0.097931, 0.211993
	-0.193319, -0.175194, -0.172069, -0.110507, -0.043319, -0.000819, 0.061056, 0.165118, 0.279493
	-0.155194, -0.139257, -0.106132, -0.031757, 0.023868, 0.059493, 0.095431, 0.209806, 0.342306
tension = 0.2
min_x = 25.0
algo = bicubic
y_count = 9
mesh_y_pps = 2
min_y = 15.0
x_count = 9
max_y = 349.96
mesh_x_pps = 2
max_x = 335.96

[bed_mesh nmsdfg]
version = 1
points = 
	0.005431, -0.000507, -0.033319, -0.026132, -0.024569, -0.031757, -0.039882, 0.016368, 0.079493
	-0.050194, -0.061132, -0.078319, -0.060819, -0.063632, -0.043632, -0.038007, -0.002382, 0.085118
	-0.105507, -0.103944, -0.107382, -0.058319, -0.077382, -0.056444, -0.051444, -0.001757, 0.075431
	-0.121444, -0.110194, -0.106757, -0.062382, -0.054569, -0.057069, -0.036444, 0.014181, 0.088243
	-0.134882, -0.116444, -0.099569, -0.060507, -0.022069, -0.019569, 0.001993, 0.049181, 0.121368
	-0.165194, -0.139569, -0.144257, -0.061757, -0.044569, -0.018944, -0.018319, 0.041681, 0.128556
	-0.144882, -0.132069, -0.105194, -0.048319, -0.008632, 0.011993, 0.026993, 0.099493, 0.218556
	-0.126757, -0.103319, -0.085819, -0.032069, 0.011681, 0.040118, 0.068556, 0.147931, 0.258868
	-0.084569, -0.076132, -0.044569, 0.026056, 0.084806, 0.092931, 0.146993, 0.232618, 0.388868
tension = 0.2
min_x = 25.0
algo = bicubic
y_count = 9
mesh_y_pps = 2
min_y = 15.0
x_count = 9
max_y = 349.96
mesh_x_pps = 2
max_x = 335.96

[bed_mesh g]
version = 1
points = 
	-0.003007, -0.014257, -0.063944, -0.062694, -0.039257, -0.086757, -0.069569, -0.037069, 0.023556
	-0.058007, -0.049257, -0.063007, -0.066444, -0.084257, -0.078007, -0.064257, -0.060819, 0.023243
	-0.098319, -0.091444, -0.114257, -0.073632, -0.103319, -0.112382, -0.081132, -0.033632, 0.010743
	-0.097694, -0.118944, -0.122694, -0.059257, -0.076132, -0.099882, -0.065507, -0.033632, 0.017618
	-0.118944, -0.112069, -0.101757, -0.067069, -0.064257, -0.069882, -0.080194, -0.034882, 0.046368
	-0.129569, -0.111132, -0.124882, -0.047069, -0.037694, -0.054257, -0.055819, -0.027069, 0.061368
	-0.106757, -0.110819, -0.095507, -0.053632, -0.019257, -0.011132, 0.004806, 0.051056, 0.153243
	-0.076132, -0.062069, -0.043632, -0.008944, 0.026056, 0.031681, 0.056681, 0.122618, 0.211681
	-0.026757, -0.010194, 0.003868, 0.044806, 0.101056, 0.102618, 0.121681, 0.229493, 0.338868
tension = 0.2
min_x = 25.0
algo = bicubic
y_count = 9
mesh_y_pps = 2
min_y = 15.0
x_count = 9
max_y = 349.96
mesh_x_pps = 2
max_x = 335.96
=======================
Extruder max_extrude_ratio=0.266081
mcu 'mcu': Starting serial connect
mcu 'mcu': Unable to open serial port: [Errno 2] could not open port /dev/serial/by-id/usb-Klipper_stm32f429xx_35002E000F50304738313820-if00: [Errno 2] No such file or directory: '/dev/serial/by-id/usb-Klipper_stm32f429xx_35002E000F50304738313820-if00'
webhooks client 140717350146768: New connection
webhooks client 140717350146768: Client info {'program': 'Moonraker', 'version': 'v0.7.1-658-gd04e99a'}
mcu 'mcu': Unable to open serial port: [Errno 2] could not open port /dev/serial/by-id/usb-Klipper_stm32f429xx_35002E000F50304738313820-if00: [Errno 2] No such file or directory: '/dev/serial/by-id/usb-Klipper_stm32f429xx_35002E000F50304738313820-if00'
mcu 'mcu': Unable to open serial port: [Errno 2] could not open port /dev/serial/by-id/usb-Klipper_stm32f429xx_35002E000F50304738313820-if00: [Errno 2] No such file or directory: '/dev/serial/by-id/usb-Klipper_stm32f429xx_35002E000F50304738313820-if00'
mcu 'mcu': Unable to open serial port: [Errno 2] could not open port /dev/serial/by-id/usb-Klipper_stm32f429xx_35002E000F50304738313820-if00: [Errno 2] No such file or directory: '/dev/serial/by-id/usb-Klipper_stm32f429xx_35002E000F50304738313820-if00'
mcu 'mcu': Unable to open serial port: [Errno 2] could not open port /dev/serial/by-id/usb-Klipper_stm32f429xx_35002E000F50304738313820-if00: [Errno 2] No such file or directory: '/dev/serial/by-id/usb-Klipper_stm32f429xx_35002E000F50304738313820-if00'
mcu 'mcu': Unable to open serial port: [Errno 2] could not open port /dev/serial/by-id/usb-Klipper_stm32f429xx_35002E000F50304738313820-if00: [Errno 2] No such file or directory: '/dev/serial/by-id/usb-Klipper_stm32f429xx_35002E000F50304738313820-if00'
mcu 'mcu': Unable to open serial port: [Errno 2] could not open port /dev/serial/by-id/usb-Klipper_stm32f429xx_35002E000F50304738313820-if00: [Errno 2] No such file or directory: '/dev/serial/by-id/usb-Klipper_stm32f429xx_35002E000F50304738313820-if00'
mcu 'mcu': Unable to open serial port: [Errno 2] could not open port /dev/serial/by-id/usb-Klipper_stm32f429xx_35002E000F50304738313820-if00: [Errno 2] No such file or directory: '/dev/serial/by-id/usb-Klipper_stm32f429xx_35002E000F50304738313820-if00'
mcu 'mcu': Unable to open serial port: [Errno 2] could not open port /dev/serial/by-id/usb-Klipper_stm32f429xx_35002E000F50304738313820-if00: [Errno 2] No such file or directory: '/dev/serial/by-id/usb-Klipper_stm32f429xx_35002E000F50304738313820-if00'
mcu 'mcu': Unable to open serial port: [Errno 2] could not open port /dev/serial/by-id/usb-Klipper_stm32f429xx_35002E000F50304738313820-if00: [Errno 2] No such file or directory: '/dev/serial/by-id/usb-Klipper_stm32f429xx_35002E000F50304738313820-if00'
mcu 'mcu': Unable to open serial port: [Errno 2] could not open port /dev/serial/by-id/usb-Klipper_stm32f429xx_35002E000F50304738313820-if00: [Errno 2] No such file or directory: '/dev/serial/by-id/usb-Klipper_stm32f429xx_35002E000F50304738313820-if00'
mcu 'mcu': Unable to open serial port: [Errno 2] could not open port /dev/serial/by-id/usb-Klipper_stm32f429xx_35002E000F50304738313820-if00: [Errno 2] No such file or directory: '/dev/serial/by-id/usb-Klipper_stm32f429xx_35002E000F50304738313820-if00'
mcu 'mcu': Unable to open serial port: [Errno 2] could not open port /dev/serial/by-id/usb-Klipper_stm32f429xx_35002E000F50304738313820-if00: [Errno 2] No such file or directory: '/dev/serial/by-id/usb-Klipper_stm32f429xx_35002E000F50304738313820-if00'
mcu 'mcu': Unable to open serial port: [Errno 2] could not open port /dev/serial/by-id/usb-Klipper_stm32f429xx_35002E000F50304738313820-if00: [Errno 2] No such file or directory: '/dev/serial/by-id/usb-Klipper_stm32f429xx_35002E000F50304738313820-if00'
mcu 'mcu': Unable to open serial port: [Errno 2] could not open port /dev/serial/by-id/usb-Klipper_stm32f429xx_35002E000F50304738313820-if00: [Errno 2] No such file or directory: '/dev/serial/by-id/usb-Klipper_stm32f429xx_35002E000F50304738313820-if00'
mcu 'mcu': Unable to open serial port: [Errno 2] could not open port /dev/serial/by-id/usb-Klipper_stm32f429xx_35002E000F50304738313820-if00: [Errno 2] No such file or directory: '/dev/serial/by-id/usb-Klipper_stm32f429xx_35002E000F50304738313820-if00'
mcu 'mcu': Unable to open serial port: [Errno 2] could not open port /dev/serial/by-id/usb-Klipper_stm32f429xx_35002E000F50304738313820-if00: [Errno 2] No such file or directory: '/dev/serial/by-id/usb-Klipper_stm32f429xx_35002E000F50304738313820-if00'
mcu 'mcu': Unable to open serial port: [Errno 2] could not open port /dev/serial/by-id/usb-Klipper_stm32f429xx_35002E000F50304738313820-if00: [Errno 2] No such file or directory: '/dev/serial/by-id/usb-Klipper_stm32f429xx_35002E000F50304738313820-if00'
MCU error during connect
Traceback (most recent call last):
  File "/home/user/klipper/klippy/klippy.py", line 176, in _connect
    self.send_event("klippy:mcu_identify")
  File "/home/user/klipper/klippy/klippy.py", line 263, in send_event
    return [cb(*params) for cb in self.event_handlers.get(event, [])]
  File "/home/user/klipper/klippy/mcu.py", line 782, in _mcu_identify
    raise error(str(e))
error: mcu 'mcu': Unable to connect
Build file /home/user/klipper/klippy/../.config(2767): Wed Dec  7 14:18:26 2022
========= Last MCU build config =========
CONFIG_LOW_LEVEL_OPTIONS=y
# CONFIG_MACH_AVR is not set
# CONFIG_MACH_ATSAM is not set
# CONFIG_MACH_ATSAMD is not set
# CONFIG_MACH_LPC176X is not set
CONFIG_MACH_STM32=y
# CONFIG_MACH_RP2040 is not set
# CONFIG_MACH_PRU is not set
# CONFIG_MACH_LINUX is not set
# CONFIG_MACH_SIMU is not set
CONFIG_BOARD_DIRECTORY="stm32"
CONFIG_MCU="stm32f103xe"
CONFIG_CLOCK_FREQ=72000000
CONFIG_USBSERIAL=y
CONFIG_FLASH_START=0x8007000
CONFIG_FLASH_SIZE=0x10000
CONFIG_RAM_START=0x20000000
CONFIG_RAM_SIZE=0x5000
CONFIG_STACK_SIZE=512
CONFIG_STM32_SELECT=y
CONFIG_MACH_STM32F103=y
# CONFIG_MACH_STM32F207 is not set
# CONFIG_MACH_STM32F401 is not set
# CONFIG_MACH_STM32F405 is not set
# CONFIG_MACH_STM32F407 is not set
# CONFIG_MACH_STM32F429 is not set
# CONFIG_MACH_STM32F446 is not set
# CONFIG_MACH_STM32F031 is not set
# CONFIG_MACH_STM32F042 is not set
# CONFIG_MACH_STM32F070 is not set
# CONFIG_MACH_STM32F072 is not set
# CONFIG_MACH_STM32G0B1 is not set
# CONFIG_MACH_STM32H743 is not set
# CONFIG_MACH_STM32H750 is not set
# CONFIG_MACH_STM32F103x6 is not set
CONFIG_MACH_STM32F1=y
CONFIG_HAVE_STM32_USBFS=y
CONFIG_HAVE_STM32_CANBUS=y
# CONFIG_STM32F103GD_DISABLE_SWD is not set
# CONFIG_STM32_FLASH_START_2000 is not set
# CONFIG_STM32_FLASH_START_5000 is not set
CONFIG_STM32_FLASH_START_7000=y
# CONFIG_STM32_FLASH_START_8000 is not set
# CONFIG_STM32_FLASH_START_8800 is not set
# CONFIG_STM32_FLASH_START_10000 is not set
# CONFIG_STM32_FLASH_START_800 is not set
# CONFIG_STM32_FLASH_START_1000 is not set
# CONFIG_STM32_FLASH_START_4000 is not set
# CONFIG_STM32_FLASH_START_0000 is not set
CONFIG_STM32_CLOCK_REF_8M=y
# CONFIG_STM32_CLOCK_REF_12M is not set
# CONFIG_STM32_CLOCK_REF_16M is not set
# CONFIG_STM32_CLOCK_REF_25M is not set
# CONFIG_STM32_CLOCK_REF_INTERNAL is not set
CONFIG_CLOCK_REF_FREQ=8000000
CONFIG_STM32F0_TRIM=16
CONFIG_STM32_USB_PA11_PA12=y
# CONFIG_STM32_SERIAL_USART1 is not set
# CONFIG_STM32_SERIAL_USART1_ALT_PB7_PB6 is not set
# CONFIG_STM32_SERIAL_USART2 is not set
# CONFIG_STM32_SERIAL_USART2_ALT_PD6_PD5 is not set
# CONFIG_STM32_SERIAL_USART3 is not set
# CONFIG_STM32_SERIAL_USART3_ALT_PD9_PD8 is not set
# CONFIG_STM32_CANBUS_PA11_PA12 is not set
# CONFIG_STM32_MMENU_CANBUS_PB8_PB9 is not set
# CONFIG_STM32_MMENU_CANBUS_PD0_PD1 is not set
CONFIG_USB=y
CONFIG_USB_VENDOR_ID=0x1d50
CONFIG_USB_DEVICE_ID=0x614e
CONFIG_USB_SERIAL_NUMBER_CHIPID=y
CONFIG_USB_SERIAL_NUMBER="12345"

#
# USB ids
#
# end of USB ids

CONFIG_CANBUS_FREQUENCY=500000
CONFIG_INITIAL_PINS=""
CONFIG_HAVE_GPIO=y
CONFIG_HAVE_GPIO_ADC=y
CONFIG_HAVE_GPIO_SPI=y
CONFIG_HAVE_GPIO_I2C=y
CONFIG_HAVE_GPIO_HARD_PWM=y
CONFIG_HAVE_GPIO_BITBANGING=y
CONFIG_HAVE_STRICT_TIMING=y
CONFIG_HAVE_CHIPID=y
CONFIG_HAVE_STEPPER_BOTH_EDGE=y
CONFIG_INLINE_STEPPER_HACK=y
=======================
Build file /home/user/klipper/klippy/../out/klipper.dict(7492): Wed Dec  7 14:18:37 2022
Last MCU build version: v0.10.0-557-gf7e29b27
Last MCU build tools: gcc: (15:10.3-2021.07-4) 10.3.1 20210621 (release) binutils: (2.38-3ubuntu1+15build1) 2.38
Last MCU build config: BUS_PINS_i2c1=PB6,PB7 BUS_PINS_i2c2=PB10,PB11 RESERVE_PINS_USB=PA11,PA12 BUS_PINS_i2c1a=PB8,PB9 STEPPER_BOTH_EDGE=1 ADC_MAX=4095 BUS_PINS_spi3=PB4,PB5,PB3 BUS_PINS_spi2=PB14,PB15,PB13 BUS_PINS_spi1=PA6,PA7,PA5 PWM_MAX=255 MCU=stm32f103xe STATS_SUMSQ_BASE=256 BUS_PINS_spi1a=PB4,PB5,PB3 CLOCK_FREQ=72000000
Build file /home/user/klipper/klippy/../out/klipper.elf(993772): Wed Dec  7 14:18:43 2022
Starting Klippy...
Args: ['/home/user/klipper/klippy/klippy.py', '/home/user/klipper_config/printer_1/printer.cfg', '-I', '/tmp/printer-1', '-l', '/home/user/klipper_logs/klippy-1.log', '-a', '/tmp/klippy_uds-1']
Git version: 'v0.10.0-557-gf7e29b27'
CPU: 4 core Intel(R) Core(TM) i3 CPU       M 330  @ 2.13GHz
Python: '2.7.18 (default, Jul  1 2022, 10:30:50) \n[GCC 11.2.0]'
Start printer at Tue Dec 13 13:57:56 2022 (1670968676.6 51.5)
===== Config file =====
[virtual_sdcard]
path = ~/gcode_files
on_error_gcode = 
	CANCEL_PRINT

[pause_resume]

[display_status]

[gcode_macro CANCEL_PRINT]
description = Cancel the actual running print
rename_existing = CANCEL_PRINT_BASE
variable_park = True
gcode = 
	{% if printer.pause_resume.is_paused|lower == 'false' and park|lower == 'true'%}
	_TOOLHEAD_PARK_PAUSE_CANCEL
	{% endif %}
	TURN_OFF_HEATERS
	M106 S0
	CANCEL_PRINT_BASE

[gcode_macro PAUSE]
description = Pause the actual running print
rename_existing = PAUSE_BASE
gcode = 
	PAUSE_BASE
	_TOOLHEAD_PARK_PAUSE_CANCEL

[gcode_macro RESUME]
description = Resume the actual running print
rename_existing = RESUME_BASE
gcode = 
	{% set extrude = printer['gcode_macro _TOOLHEAD_PARK_PAUSE_CANCEL'].extrude %}
	{% if 'VELOCITY' in params|upper %}
	{% set get_params = ('VELOCITY=' + params.VELOCITY)  %}
	{%else %}
	{% set get_params = "" %}
	{% endif %}
	{% if printer.extruder.can_extrude|lower == 'true' %}
	M83
	G1 E{extrude} F2100
	{% if printer.gcode_move.absolute_extrude |lower == 'true' %} M82 {% endif %}
	{% else %}
	{action_respond_info("Extruder not hot enough")}
	{% endif %}
	RESUME_BASE {get_params}

[gcode_macro _TOOLHEAD_PARK_PAUSE_CANCEL]
description = Helper: park toolhead used in PAUSE and CANCEL_PRINT
variable_extrude = 1.0
gcode = 
	{% set x_park = printer.toolhead.axis_maximum.x|float - 5.0 %}
	{% set y_park = printer.toolhead.axis_maximum.y|float - 5.0 %}
	{% set z_park_delta = 2.0 %}
	{% set max_z = printer.toolhead.axis_maximum.z|float %}
	{% set act_z = printer.toolhead.position.z|float %}
	{% if act_z < (max_z - z_park_delta) %}
	{% set z_safe = z_park_delta %}
	{% else %}
	{% set z_safe = max_z - act_z %}
	{% endif %}
	{% if printer.extruder.can_extrude|lower == 'true' %}
	M83
	G1 E-{extrude} F2100
	{% if printer.gcode_move.absolute_extrude |lower == 'true' %} M82 {% endif %}
	{% else %}
	{action_respond_info("Extruder not hot enough")}
	{% endif %}
	{% if "xyz" in printer.toolhead.homed_axes %}
	G91
	G1 Z{z_safe} F900
	G90
	G1 X{x_park} Y{y_park} F6000
	{% if printer.gcode_move.absolute_coordinates|lower == 'false' %} G91 {% endif %}
	{% else %}
	{action_respond_info("Printer not homed")}
	{% endif %}

[tmc2209 stepper_y]
uart_pin = PC4
sense_resistor = 0.150
run_current = 1.41

[tmc2209 stepper_x]
uart_pin = PD11
sense_resistor = 0.150
run_current = 1.41

[tmc2209 extruder]
uart_pin = PC6
interpolate = true
sense_resistor = 0.150
run_current = 0.57

[tmc2209 stepper_z]
uart_pin = PE4
sense_resistor = 0.150
run_current = 1.13

[tmc2209 stepper_z1]
uart_pin = PE1
sense_resistor = 0.150
run_current = 1.13

[tmc2209 stepper_z2]
uart_pin = PD3
sense_resistor = 0.150
run_current = 1.13

[safe_z_home]
home_xy_position = 175, 175
speed = 100
z_hop = 15
z_hop_speed = 8

[bltouch]
sensor_pin = ^PB7
control_pin = PB6
x_offset = -33.5
y_offset = -5
pin_up_touch_mode_reports_triggered = true
stow_on_each_sample = false
probe_with_touch_mode = false
pin_move_time = 0.68
speed = 5
lift_speed = 100
samples = 2
sample_retract_dist = 1
samples_tolerance = 0.1
samples_tolerance_retries = 3
samples_result = median
z_offset = 4.075

[bed_mesh]
speed = 100
horizontal_move_z = 7
mesh_min = 25,15
mesh_max = 336,350
algorithm = bicubic
probe_count = 9, 9
fade_start = 1
fade_end = 10

[z_tilt]
z_positions = 10,10
	367,10
	188.5,360
points = 360,345
	58.5,345
	58.5,15
	360,15
speed = 100
horizontal_move_z = 30
retries = 5
retry_tolerance = 0.150

[thermistor T-D500]
temperature1 = 200
resistance1 = 8900
temperature2 = 275
resistance2 = 2250
temperature3 = 350
resistance3 = 785

[heater_bed]
heater_pin = PA3
sensor_type = EPCOS 100K B57560G104F
sensor_pin = PF3
control = pid
pid_kp = 690.34
pid_ki = 111.47
pid_kd = 1068.83
min_temp = 0
max_temp = 130
pwm_cycle_time = 0.0166

[fan]
pin = PA8

[stepper_z]
step_pin = PC13
dir_pin = !PF0
enable_pin = !PF1
microsteps = 16
rotation_distance = 2
endstop_pin = probe:z_virtual_endstop
position_max = 400
position_min = -20
homing_speed = 10.0

[stepper_z1]
step_pin = PE2
dir_pin = !PE3
enable_pin = !PD4
microsteps = 16
rotation_distance = 2

[stepper_z2]
step_pin = PE6
dir_pin = !PA14
enable_pin = !PE0
microsteps = 16
rotation_distance = 2

[stepper_y]
step_pin = !PF13
dir_pin = !PF12
enable_pin = !PF14
microsteps = 16
rotation_distance = 40
endstop_pin = PG9
position_endstop = 360
position_max = 360
homing_speed = 100

[stepper_x]
step_pin = !PG0
dir_pin = !PG1
enable_pin = !PF15
microsteps = 16
rotation_distance = 40
endstop_pin = PG6
position_endstop = 370
position_max = 370
homing_speed = 100

[extruder]
rotation_distance = 21.44
gear_ratio = 50:8
microsteps = 16
full_steps_per_rotation = 200
max_extrude_only_distance = 120
max_extrude_only_velocity = 75.0
max_extrude_only_accel = 1500
step_pin = PF11
dir_pin = !PG3
enable_pin = !PG5
nozzle_diameter = 0.400
filament_diameter = 1.750
heater_pin = PA2
sensor_type = T-D500
sensor_pin = PF4
min_temp = 0
max_temp = 300
control = pid
pid_kp = 17.405
pid_ki = 1.149
pid_kd = 65.923

[mcu]
serial = /dev/serial/by-id/usb-Klipper_stm32f429xx_35002E000F50304738313820-if00

[filament_switch_sensor filament_sensor]
switch_pin = PC5

[printer]
kinematics = corexy
max_velocity = 500
max_accel = 5000
max_z_velocity = 15
max_z_accel = 100

[idle_timeout]
timeout = 1800

[bed_mesh default]
version = 1
points = 
	0.005431, -0.015194, -0.040507, -0.042694, -0.044882, -0.055819, -0.057382, -0.008319, 0.053556
	-0.056132, -0.067069, -0.084257, -0.077069, -0.084882, -0.078007, -0.062694, -0.026757, 0.045431
	-0.122382, -0.110194, -0.128632, -0.066757, -0.095819, -0.081444, -0.070194, -0.029569, 0.048868
	-0.135194, -0.131132, -0.132694, -0.084257, -0.081757, -0.081444, -0.069257, -0.021132, 0.061056
	-0.162382, -0.146444, -0.129882, -0.084882, -0.040507, -0.057382, -0.035819, 0.015431, 0.092618
	-0.176132, -0.167382, -0.161444, -0.081132, -0.071132, -0.056444, -0.055507, -0.003632, 0.094181
	-0.158944, -0.159257, -0.139569, -0.088319, -0.047382, -0.020194, 0.013243, 0.082618, 0.197306
	-0.137694, -0.117694, -0.100819, -0.037069, 0.000431, 0.026993, 0.073868, 0.155431, 0.254806
	-0.095194, -0.069257, -0.046757, 0.023868, 0.083556, 0.095743, 0.142931, 0.239806, 0.361368
tension = 0.2
min_x = 25.0
algo = bicubic
y_count = 9
mesh_y_pps = 2
min_y = 15.0
x_count = 9
max_y = 349.96
mesh_x_pps = 2
max_x = 335.96

[bed_mesh nm 3pt sh]
version = 1
points = 
	-0.018979, -0.035854, -0.068979, -0.078667, -0.088667, -0.096479, -0.102417, -0.051167, 0.019458
	-0.068354, -0.086167, -0.108042, -0.098042, -0.120229, -0.118354, -0.111479, -0.072729, 0.013208
	-0.115854, -0.125542, -0.143667, -0.092104, -0.128667, -0.123979, -0.118667, -0.079604, 0.002271
	-0.128979, -0.140542, -0.137417, -0.089292, -0.107729, -0.116479, -0.110229, -0.068042, 0.008833
	-0.140542, -0.137104, -0.137104, -0.115542, -0.079604, -0.093042, -0.098667, -0.042104, 0.034771
	-0.159604, -0.165229, -0.178667, -0.094917, -0.081167, -0.088354, -0.093667, -0.046167, 0.047583
	-0.143354, -0.138979, -0.128667, -0.102104, -0.080542, -0.046479, -0.037104, 0.025708, 0.137896
	-0.125229, -0.113042, -0.104292, -0.067104, -0.045542, -0.023354, 0.011333, 0.081958, 0.176958
	-0.079917, -0.066167, -0.056792, -0.011792, 0.035708, 0.054771, 0.076958, 0.146333, 0.295396
tension = 0.2
min_x = 25.0
algo = bicubic
y_count = 9
mesh_y_pps = 2
min_y = 15.0
x_count = 9
max_y = 349.96
mesh_x_pps = 2
max_x = 335.96

[bed_mesh nm 3pt sh2]
version = 1
points = 
	-0.041792, -0.053667, -0.086792, -0.080542, -0.097729, -0.098042, -0.098354, -0.048354, 0.029146
	-0.089604, -0.104917, -0.127729, -0.109292, -0.123042, -0.111479, -0.108042, -0.058667, 0.030083
	-0.146792, -0.147729, -0.168042, -0.106167, -0.131479, -0.119292, -0.108354, -0.059292, 0.025708
	-0.166167, -0.170229, -0.174292, -0.115854, -0.121167, -0.113042, -0.098979, -0.046479, 0.034771
	-0.199604, -0.176792, -0.168354, -0.113979, -0.077729, -0.089917, -0.070229, -0.008667, 0.077896
	-0.219292, -0.203979, -0.213354, -0.114604, -0.088979, -0.082417, -0.083354, -0.021792, 0.080708
	-0.214292, -0.201792, -0.168354, -0.108979, -0.067729, -0.041792, -0.021792, 0.047583, 0.175396
	-0.194604, -0.161167, -0.129917, -0.059292, -0.027729, -0.002417, 0.033208, 0.126646, 0.246646
	-0.143667, -0.111167, -0.085542, -0.042104, 0.031333, 0.070708, 0.114146, 0.216333, 0.356021
tension = 0.2
min_x = 25.0
algo = bicubic
y_count = 9
mesh_y_pps = 2
min_y = 15.0
x_count = 9
max_y = 349.96
mesh_x_pps = 2
max_x = 335.96

[bed_mesh nm 3pt sh3]
version = 1
points = 
	-0.009917, -0.021479, -0.055854, -0.056167, -0.063667, -0.072104, -0.077729, -0.033354, 0.040396
	-0.062104, -0.076479, -0.098042, -0.090229, -0.102104, -0.095542, -0.087104, -0.043354, 0.036333
	-0.123979, -0.118042, -0.132417, -0.089604, -0.108042, -0.092417, -0.087104, -0.039917, 0.041958
	-0.136167, -0.132729, -0.130854, -0.090542, -0.078979, -0.089604, -0.070854, -0.020542, 0.053208
	-0.154604, -0.142417, -0.123354, -0.094917, -0.055854, -0.060854, -0.043354, 0.016021, 0.096333
	-0.178979, -0.183354, -0.166479, -0.093354, -0.073354, -0.038042, -0.052729, -0.013667, 0.101646
	-0.203042, -0.173667, -0.146479, -0.070542, -0.039292, -0.022729, -0.021479, 0.004146, 0.197271
	-0.176479, -0.123042, -0.093979, -0.071167, 0.000396, 0.010083, 0.058208, 0.143521, 0.235396
	-0.174292, -0.213042, -0.155854, -0.173667, -0.061167, -0.052104, -0.035854, 0.109771, 0.184771
tension = 0.2
min_x = 25.0
algo = bicubic
y_count = 9
mesh_y_pps = 2
min_y = 15.0
x_count = 9
max_y = 349.96
mesh_x_pps = 2
max_x = 335.96

[bed_mesh nm 3pt sh4]
version = 1
points = 
	-0.012382, -0.032069, -0.065507, -0.070507, -0.075194, -0.086757, -0.096757, -0.044882, 0.016368
	-0.069569, -0.084257, -0.104569, -0.094257, -0.111444, -0.097069, -0.091444, -0.055507, 0.016056
	-0.129882, -0.121757, -0.140507, -0.094257, -0.113319, -0.105819, -0.105507, -0.059882, 0.021056
	-0.133319, -0.133007, -0.142382, -0.107069, -0.103007, -0.095819, -0.086757, -0.044257, 0.036056
	-0.152382, -0.155507, -0.136757, -0.086132, -0.061757, -0.071444, -0.060194, -0.008632, 0.080431
	-0.185194, -0.184882, -0.170819, -0.092069, -0.068944, -0.048944, -0.044257, -0.003632, 0.097618
	-0.189882, -0.158007, -0.138007, -0.081444, -0.030819, -0.027694, -0.000819, 0.064806, 0.168868
	-0.140819, -0.112694, -0.090507, -0.043944, -0.010507, 0.020743, 0.051056, 0.123556, 0.223556
	-0.090507, -0.105819, -0.062382, -0.000507, 0.034493, 0.073868, 0.144806, 0.206993, 0.332931
tension = 0.2
min_x = 25.0
algo = bicubic
y_count = 9
mesh_y_pps = 2
min_y = 15.0
x_count = 9
max_y = 349.96
mesh_x_pps = 2
max_x = 335.96

[bed_mesh nm 3pt shm5 rt]
version = 1
points = 
	0.005743, -0.014257, -0.038944, -0.039882, -0.042069, -0.052382, -0.058632, -0.006132, 0.056681
	-0.047694, -0.059882, -0.078319, -0.068319, -0.079257, -0.071132, -0.057694, -0.015819, 0.060743
	-0.107382, -0.098632, -0.116132, -0.057694, -0.076757, -0.073007, -0.059569, -0.012069, 0.065118
	-0.118632, -0.102382, -0.110507, -0.059257, -0.052069, -0.057382, -0.036444, 0.002306, 0.072618
	-0.134882, -0.111444, -0.106757, -0.058319, -0.018944, -0.026444, -0.006444, 0.031681, 0.119181
	-0.163319, -0.138944, -0.135194, -0.063632, -0.039882, -0.025194, -0.027382, 0.031993, 0.134806
	-0.142694, -0.131132, -0.092382, -0.033319, 0.003243, 0.011056, 0.040431, 0.097931, 0.211993
	-0.193319, -0.175194, -0.172069, -0.110507, -0.043319, -0.000819, 0.061056, 0.165118, 0.279493
	-0.155194, -0.139257, -0.106132, -0.031757, 0.023868, 0.059493, 0.095431, 0.209806, 0.342306
tension = 0.2
min_x = 25.0
algo = bicubic
y_count = 9
mesh_y_pps = 2
min_y = 15.0
x_count = 9
max_y = 349.96
mesh_x_pps = 2
max_x = 335.96

[bed_mesh nmsdfg]
version = 1
points = 
	0.005431, -0.000507, -0.033319, -0.026132, -0.024569, -0.031757, -0.039882, 0.016368, 0.079493
	-0.050194, -0.061132, -0.078319, -0.060819, -0.063632, -0.043632, -0.038007, -0.002382, 0.085118
	-0.105507, -0.103944, -0.107382, -0.058319, -0.077382, -0.056444, -0.051444, -0.001757, 0.075431
	-0.121444, -0.110194, -0.106757, -0.062382, -0.054569, -0.057069, -0.036444, 0.014181, 0.088243
	-0.134882, -0.116444, -0.099569, -0.060507, -0.022069, -0.019569, 0.001993, 0.049181, 0.121368
	-0.165194, -0.139569, -0.144257, -0.061757, -0.044569, -0.018944, -0.018319, 0.041681, 0.128556
	-0.144882, -0.132069, -0.105194, -0.048319, -0.008632, 0.011993, 0.026993, 0.099493, 0.218556
	-0.126757, -0.103319, -0.085819, -0.032069, 0.011681, 0.040118, 0.068556, 0.147931, 0.258868
	-0.084569, -0.076132, -0.044569, 0.026056, 0.084806, 0.092931, 0.146993, 0.232618, 0.388868
tension = 0.2
min_x = 25.0
algo = bicubic
y_count = 9
mesh_y_pps = 2
min_y = 15.0
x_count = 9
max_y = 349.96
mesh_x_pps = 2
max_x = 335.96

[bed_mesh g]
version = 1
points = 
	-0.003007, -0.014257, -0.063944, -0.062694, -0.039257, -0.086757, -0.069569, -0.037069, 0.023556
	-0.058007, -0.049257, -0.063007, -0.066444, -0.084257, -0.078007, -0.064257, -0.060819, 0.023243
	-0.098319, -0.091444, -0.114257, -0.073632, -0.103319, -0.112382, -0.081132, -0.033632, 0.010743
	-0.097694, -0.118944, -0.122694, -0.059257, -0.076132, -0.099882, -0.065507, -0.033632, 0.017618
	-0.118944, -0.112069, -0.101757, -0.067069, -0.064257, -0.069882, -0.080194, -0.034882, 0.046368
	-0.129569, -0.111132, -0.124882, -0.047069, -0.037694, -0.054257, -0.055819, -0.027069, 0.061368
	-0.106757, -0.110819, -0.095507, -0.053632, -0.019257, -0.011132, 0.004806, 0.051056, 0.153243
	-0.076132, -0.062069, -0.043632, -0.008944, 0.026056, 0.031681, 0.056681, 0.122618, 0.211681
	-0.026757, -0.010194, 0.003868, 0.044806, 0.101056, 0.102618, 0.121681, 0.229493, 0.338868
tension = 0.2
min_x = 25.0
algo = bicubic
y_count = 9
mesh_y_pps = 2
min_y = 15.0
x_count = 9
max_y = 349.96
mesh_x_pps = 2
max_x = 335.96
=======================
Extruder max_extrude_ratio=0.266081
mcu 'mcu': Starting serial connect
mcu 'mcu': Unable to open serial port: [Errno 2] could not open port /dev/serial/by-id/usb-Klipper_stm32f429xx_35002E000F50304738313820-if00: [Errno 2] No such file or directory: '/dev/serial/by-id/usb-Klipper_stm32f429xx_35002E000F50304738313820-if00'
webhooks client 140442684838688: New connection
webhooks client 140442684838688: Client info {'program': 'Moonraker', 'version': 'v0.7.1-658-gd04e99a'}
mcu 'mcu': Unable to open serial port: [Errno 2] could not open port /dev/serial/by-id/usb-Klipper_stm32f429xx_35002E000F50304738313820-if00: [Errno 2] No such file or directory: '/dev/serial/by-id/usb-Klipper_stm32f429xx_35002E000F50304738313820-if00'
mcu 'mcu': Unable to open serial port: [Errno 2] could not open port /dev/serial/by-id/usb-Klipper_stm32f429xx_35002E000F50304738313820-if00: [Errno 2] No such file or directory: '/dev/serial/by-id/usb-Klipper_stm32f429xx_35002E000F50304738313820-if00'
mcu 'mcu': Unable to open serial port: [Errno 2] could not open port /dev/serial/by-id/usb-Klipper_stm32f429xx_35002E000F50304738313820-if00: [Errno 2] No such file or directory: '/dev/serial/by-id/usb-Klipper_stm32f429xx_35002E000F50304738313820-if00'
mcu 'mcu': Unable to open serial port: [Errno 2] could not open port /dev/serial/by-id/usb-Klipper_stm32f429xx_35002E000F50304738313820-if00: [Errno 2] No such file or directory: '/dev/serial/by-id/usb-Klipper_stm32f429xx_35002E000F50304738313820-if00'
mcu 'mcu': Unable to open serial port: [Errno 2] could not open port /dev/serial/by-id/usb-Klipper_stm32f429xx_35002E000F50304738313820-if00: [Errno 2] No such file or directory: '/dev/serial/by-id/usb-Klipper_stm32f429xx_35002E000F50304738313820-if00'
mcu 'mcu': Unable to open serial port: [Errno 2] could not open port /dev/serial/by-id/usb-Klipper_stm32f429xx_35002E000F50304738313820-if00: [Errno 2] No such file or directory: '/dev/serial/by-id/usb-Klipper_stm32f429xx_35002E000F50304738313820-if00'
mcu 'mcu': Unable to open serial port: [Errno 2] could not open port /dev/serial/by-id/usb-Klipper_stm32f429xx_35002E000F50304738313820-if00: [Errno 2] No such file or directory: '/dev/serial/by-id/usb-Klipper_stm32f429xx_35002E000F50304738313820-if00'
mcu 'mcu': Unable to open serial port: [Errno 2] could not open port /dev/serial/by-id/usb-Klipper_stm32f429xx_35002E000F50304738313820-if00: [Errno 2] No such file or directory: '/dev/serial/by-id/usb-Klipper_stm32f429xx_35002E000F50304738313820-if00'
mcu 'mcu': Unable to open serial port: [Errno 2] could not open port /dev/serial/by-id/usb-Klipper_stm32f429xx_35002E000F50304738313820-if00: [Errno 2] No such file or directory: '/dev/serial/by-id/usb-Klipper_stm32f429xx_35002E000F50304738313820-if00'
mcu 'mcu': Unable to open serial port: [Errno 2] could not open port /dev/serial/by-id/usb-Klipper_stm32f429xx_35002E000F50304738313820-if00: [Errno 2] No such file or directory: '/dev/serial/by-id/usb-Klipper_stm32f429xx_35002E000F50304738313820-if00'
mcu 'mcu': Unable to open serial port: [Errno 2] could not open port /dev/serial/by-id/usb-Klipper_stm32f429xx_35002E000F50304738313820-if00: [Errno 2] No such file or directory: '/dev/serial/by-id/usb-Klipper_stm32f429xx_35002E000F50304738313820-if00'
mcu 'mcu': Unable to open serial port: [Errno 2] could not open port /dev/serial/by-id/usb-Klipper_stm32f429xx_35002E000F50304738313820-if00: [Errno 2] No such file or directory: '/dev/serial/by-id/usb-Klipper_stm32f429xx_35002E000F50304738313820-if00'
mcu 'mcu': Unable to open serial port: [Errno 2] could not open port /dev/serial/by-id/usb-Klipper_stm32f429xx_35002E000F50304738313820-if00: [Errno 2] No such file or directory: '/dev/serial/by-id/usb-Klipper_stm32f429xx_35002E000F50304738313820-if00'
mcu 'mcu': Unable to open serial port: [Errno 2] could not open port /dev/serial/by-id/usb-Klipper_stm32f429xx_35002E000F50304738313820-if00: [Errno 2] No such file or directory: '/dev/serial/by-id/usb-Klipper_stm32f429xx_35002E000F50304738313820-if00'
mcu 'mcu': Unable to open serial port: [Errno 2] could not open port /dev/serial/by-id/usb-Klipper_stm32f429xx_35002E000F50304738313820-if00: [Errno 2] No such file or directory: '/dev/serial/by-id/usb-Klipper_stm32f429xx_35002E000F50304738313820-if00'
mcu 'mcu': Unable to open serial port: [Errno 2] could not open port /dev/serial/by-id/usb-Klipper_stm32f429xx_35002E000F50304738313820-if00: [Errno 2] No such file or directory: '/dev/serial/by-id/usb-Klipper_stm32f429xx_35002E000F50304738313820-if00'
mcu 'mcu': Unable to open serial port: [Errno 2] could not open port /dev/serial/by-id/usb-Klipper_stm32f429xx_35002E000F50304738313820-if00: [Errno 2] No such file or directory: '/dev/serial/by-id/usb-Klipper_stm32f429xx_35002E000F50304738313820-if00'
MCU error during connect
Traceback (most recent call last):
  File "/home/user/klipper/klippy/klippy.py", line 176, in _connect
    self.send_event("klippy:mcu_identify")
  File "/home/user/klipper/klippy/klippy.py", line 263, in send_event
    return [cb(*params) for cb in self.event_handlers.get(event, [])]
  File "/home/user/klipper/klippy/mcu.py", line 782, in _mcu_identify
    raise error(str(e))
error: mcu 'mcu': Unable to connect
Build file /home/user/klipper/klippy/../.config(2767): Wed Dec  7 14:18:26 2022
========= Last MCU build config =========
CONFIG_LOW_LEVEL_OPTIONS=y
# CONFIG_MACH_AVR is not set
# CONFIG_MACH_ATSAM is not set
# CONFIG_MACH_ATSAMD is not set
# CONFIG_MACH_LPC176X is not set
CONFIG_MACH_STM32=y
# CONFIG_MACH_RP2040 is not set
# CONFIG_MACH_PRU is not set
# CONFIG_MACH_LINUX is not set
# CONFIG_MACH_SIMU is not set
CONFIG_BOARD_DIRECTORY="stm32"
CONFIG_MCU="stm32f103xe"
CONFIG_CLOCK_FREQ=72000000
CONFIG_USBSERIAL=y
CONFIG_FLASH_START=0x8007000
CONFIG_FLASH_SIZE=0x10000
CONFIG_RAM_START=0x20000000
CONFIG_RAM_SIZE=0x5000
CONFIG_STACK_SIZE=512
CONFIG_STM32_SELECT=y
CONFIG_MACH_STM32F103=y
# CONFIG_MACH_STM32F207 is not set
# CONFIG_MACH_STM32F401 is not set
# CONFIG_MACH_STM32F405 is not set
# CONFIG_MACH_STM32F407 is not set
# CONFIG_MACH_STM32F429 is not set
# CONFIG_MACH_STM32F446 is not set
# CONFIG_MACH_STM32F031 is not set
# CONFIG_MACH_STM32F042 is not set
# CONFIG_MACH_STM32F070 is not set
# CONFIG_MACH_STM32F072 is not set
# CONFIG_MACH_STM32G0B1 is not set
# CONFIG_MACH_STM32H743 is not set
# CONFIG_MACH_STM32H750 is not set
# CONFIG_MACH_STM32F103x6 is not set
CONFIG_MACH_STM32F1=y
CONFIG_HAVE_STM32_USBFS=y
CONFIG_HAVE_STM32_CANBUS=y
# CONFIG_STM32F103GD_DISABLE_SWD is not set
# CONFIG_STM32_FLASH_START_2000 is not set
# CONFIG_STM32_FLASH_START_5000 is not set
CONFIG_STM32_FLASH_START_7000=y
# CONFIG_STM32_FLASH_START_8000 is not set
# CONFIG_STM32_FLASH_START_8800 is not set
# CONFIG_STM32_FLASH_START_10000 is not set
# CONFIG_STM32_FLASH_START_800 is not set
# CONFIG_STM32_FLASH_START_1000 is not set
# CONFIG_STM32_FLASH_START_4000 is not set
# CONFIG_STM32_FLASH_START_0000 is not set
CONFIG_STM32_CLOCK_REF_8M=y
# CONFIG_STM32_CLOCK_REF_12M is not set
# CONFIG_STM32_CLOCK_REF_16M is not set
# CONFIG_STM32_CLOCK_REF_25M is not set
# CONFIG_STM32_CLOCK_REF_INTERNAL is not set
CONFIG_CLOCK_REF_FREQ=8000000
CONFIG_STM32F0_TRIM=16
CONFIG_STM32_USB_PA11_PA12=y
# CONFIG_STM32_SERIAL_USART1 is not set
# CONFIG_STM32_SERIAL_USART1_ALT_PB7_PB6 is not set
# CONFIG_STM32_SERIAL_USART2 is not set
# CONFIG_STM32_SERIAL_USART2_ALT_PD6_PD5 is not set
# CONFIG_STM32_SERIAL_USART3 is not set
# CONFIG_STM32_SERIAL_USART3_ALT_PD9_PD8 is not set
# CONFIG_STM32_CANBUS_PA11_PA12 is not set
# CONFIG_STM32_MMENU_CANBUS_PB8_PB9 is not set
# CONFIG_STM32_MMENU_CANBUS_PD0_PD1 is not set
CONFIG_USB=y
CONFIG_USB_VENDOR_ID=0x1d50
CONFIG_USB_DEVICE_ID=0x614e
CONFIG_USB_SERIAL_NUMBER_CHIPID=y
CONFIG_USB_SERIAL_NUMBER="12345"

#
# USB ids
#
# end of USB ids

CONFIG_CANBUS_FREQUENCY=500000
CONFIG_INITIAL_PINS=""
CONFIG_HAVE_GPIO=y
CONFIG_HAVE_GPIO_ADC=y
CONFIG_HAVE_GPIO_SPI=y
CONFIG_HAVE_GPIO_I2C=y
CONFIG_HAVE_GPIO_HARD_PWM=y
CONFIG_HAVE_GPIO_BITBANGING=y
CONFIG_HAVE_STRICT_TIMING=y
CONFIG_HAVE_CHIPID=y
CONFIG_HAVE_STEPPER_BOTH_EDGE=y
CONFIG_INLINE_STEPPER_HACK=y
=======================
Build file /home/user/klipper/klippy/../out/klipper.dict(7492): Wed Dec  7 14:18:37 2022
Last MCU build version: v0.10.0-557-gf7e29b27
Last MCU build tools: gcc: (15:10.3-2021.07-4) 10.3.1 20210621 (release) binutils: (2.38-3ubuntu1+15build1) 2.38
Last MCU build config: BUS_PINS_i2c1=PB6,PB7 BUS_PINS_i2c2=PB10,PB11 RESERVE_PINS_USB=PA11,PA12 BUS_PINS_i2c1a=PB8,PB9 STEPPER_BOTH_EDGE=1 ADC_MAX=4095 BUS_PINS_spi3=PB4,PB5,PB3 BUS_PINS_spi2=PB14,PB15,PB13 BUS_PINS_spi1=PA6,PA7,PA5 PWM_MAX=255 MCU=stm32f103xe STATS_SUMSQ_BASE=256 BUS_PINS_spi1a=PB4,PB5,PB3 CLOCK_FREQ=72000000
Build file /home/user/klipper/klippy/../out/klipper.elf(993772): Wed Dec  7 14:18:43 2022
